[debug] [2017-12-17T22:53:16.416Z] ----------------------------------------------------------------------
[debug] [2017-12-17T22:53:16.418Z] Command:       C:\Program Files\nodejs\node.exe C:\Users\rjrad\AppData\Roaming\npm\node_modules\firebase-tools\bin\firebase serve
[debug] [2017-12-17T22:53:16.419Z] CLI Version:   3.16.0
[debug] [2017-12-17T22:53:16.419Z] Platform:      win32
[debug] [2017-12-17T22:53:16.419Z] Node Version:  v8.9.3
[debug] [2017-12-17T22:53:16.419Z] Time:          Sun Dec 17 2017 16:53:16 GMT-0600 (Central Standard Time)
[debug] [2017-12-17T22:53:16.419Z] ----------------------------------------------------------------------
[debug] 
[debug] [2017-12-17T22:53:16.431Z] > command requires scopes: ["email","openid","https://www.googleapis.com/auth/cloudplatformprojects.readonly","https://www.googleapis.com/auth/firebase","https://www.googleapis.com/auth/cloud-platform"]
[debug] [2017-12-17T22:53:16.431Z] > authorizing via signed-in user
[debug] [2017-12-17T22:53:16.433Z] >>> HTTP REQUEST GET https://admin.firebase.com/v1/projects/scoutingfrc-189201  
  
 Sun Dec 17 2017 16:53:16 GMT-0600 (Central Standard Time)
[debug] [2017-12-17T22:53:17.052Z] <<< HTTP RESPONSE 200
[debug] [2017-12-17T22:53:17.055Z] >>> HTTP REQUEST GET https://admin.firebase.com/v1/database/scoutingfrc-189201/tokens  
  
 Sun Dec 17 2017 16:53:17 GMT-0600 (Central Standard Time)
[debug] [2017-12-17T22:53:17.435Z] <<< HTTP RESPONSE 200
[info] 
[info] === Serving from 'C:\FRC\scoutingfrc'...
[info] 
[debug] [2017-12-17T22:53:17.448Z] >>> HTTP REQUEST GET https://cloudresourcemanager.googleapis.com/v1/projects/scoutingfrc-189201  
  
 Sun Dec 17 2017 16:53:17 GMT-0600 (Central Standard Time)
[debug] [2017-12-17T22:53:17.866Z] <<< HTTP RESPONSE 200
[debug] [2017-12-17T22:53:17.867Z] >>> HTTP REQUEST GET https://mobilesdk-pa.googleapis.com/v1/projects/458144233871/clients/_:getWebAppConfig  
  
 Sun Dec 17 2017 16:53:17 GMT-0600 (Central Standard Time)
[debug] [2017-12-17T22:53:18.266Z] <<< HTTP RESPONSE 200
[info] i  hosting: Serving hosting files from: public
[info] +  hosting: Local server: http://localhost:5000

